<?xml version="1.0" encoding="UTF-8"?>
<testsuite xmlns:xsi="http://www.w3.org/2001/XMLSchema-instance" xsi:noNamespaceSchemaLocation="https://maven.apache.org/surefire/maven-surefire-plugin/xsd/surefire-test-report.xsd" name="com.johny.hrpayroll.HrPayrollApplicationTests" time="2.956" tests="1" errors="0" skipped="0" failures="0">
  <properties>
    <property name="sun.desktop" value="windows"/>
    <property name="awt.toolkit" value="sun.awt.windows.WToolkit"/>
    <property name="java.specification.version" value="11"/>
    <property name="sun.cpu.isalist" value="amd64"/>
    <property name="sun.jnu.encoding" value="Cp1252"/>
    <property name="java.class.path" value="C:\desenvolvimento\microservico\hr-payroll\target\test-classes;C:\desenvolvimento\microservico\hr-payroll\target\classes;C:\Users\johny\.m2\repository\org\springframework\boot\spring-boot-starter-web\2.3.4.RELEASE\spring-boot-starter-web-2.3.4.RELEASE.jar;C:\Users\johny\.m2\repository\org\springframework\boot\spring-boot-starter\2.3.4.RELEASE\spring-boot-starter-2.3.4.RELEASE.jar;C:\Users\johny\.m2\repository\org\springframework\boot\spring-boot\2.3.4.RELEASE\spring-boot-2.3.4.RELEASE.jar;C:\Users\johny\.m2\repository\org\springframework\boot\spring-boot-autoconfigure\2.3.4.RELEASE\spring-boot-autoconfigure-2.3.4.RELEASE.jar;C:\Users\johny\.m2\repository\org\springframework\boot\spring-boot-starter-logging\2.3.4.RELEASE\spring-boot-starter-logging-2.3.4.RELEASE.jar;C:\Users\johny\.m2\repository\ch\qos\logback\logback-classic\1.2.3\logback-classic-1.2.3.jar;C:\Users\johny\.m2\repository\ch\qos\logback\logback-core\1.2.3\logback-core-1.2.3.jar;C:\Users\johny\.m2\repository\org\apache\logging\log4j\log4j-to-slf4j\2.13.3\log4j-to-slf4j-2.13.3.jar;C:\Users\johny\.m2\repository\org\apache\logging\log4j\log4j-api\2.13.3\log4j-api-2.13.3.jar;C:\Users\johny\.m2\repository\org\slf4j\jul-to-slf4j\1.7.30\jul-to-slf4j-1.7.30.jar;C:\Users\johny\.m2\repository\jakarta\annotation\jakarta.annotation-api\1.3.5\jakarta.annotation-api-1.3.5.jar;C:\Users\johny\.m2\repository\org\yaml\snakeyaml\1.26\snakeyaml-1.26.jar;C:\Users\johny\.m2\repository\org\springframework\boot\spring-boot-starter-json\2.3.4.RELEASE\spring-boot-starter-json-2.3.4.RELEASE.jar;C:\Users\johny\.m2\repository\com\fasterxml\jackson\core\jackson-databind\2.11.2\jackson-databind-2.11.2.jar;C:\Users\johny\.m2\repository\com\fasterxml\jackson\core\jackson-annotations\2.11.2\jackson-annotations-2.11.2.jar;C:\Users\johny\.m2\repository\com\fasterxml\jackson\core\jackson-core\2.11.2\jackson-core-2.11.2.jar;C:\Users\johny\.m2\repository\com\fasterxml\jackson\datatype\jackson-datatype-jdk8\2.11.2\jackson-datatype-jdk8-2.11.2.jar;C:\Users\johny\.m2\repository\com\fasterxml\jackson\datatype\jackson-datatype-jsr310\2.11.2\jackson-datatype-jsr310-2.11.2.jar;C:\Users\johny\.m2\repository\com\fasterxml\jackson\module\jackson-module-parameter-names\2.11.2\jackson-module-parameter-names-2.11.2.jar;C:\Users\johny\.m2\repository\org\springframework\boot\spring-boot-starter-tomcat\2.3.4.RELEASE\spring-boot-starter-tomcat-2.3.4.RELEASE.jar;C:\Users\johny\.m2\repository\org\apache\tomcat\embed\tomcat-embed-core\9.0.38\tomcat-embed-core-9.0.38.jar;C:\Users\johny\.m2\repository\org\glassfish\jakarta.el\3.0.3\jakarta.el-3.0.3.jar;C:\Users\johny\.m2\repository\org\apache\tomcat\embed\tomcat-embed-websocket\9.0.38\tomcat-embed-websocket-9.0.38.jar;C:\Users\johny\.m2\repository\org\springframework\spring-web\5.2.9.RELEASE\spring-web-5.2.9.RELEASE.jar;C:\Users\johny\.m2\repository\org\springframework\spring-beans\5.2.9.RELEASE\spring-beans-5.2.9.RELEASE.jar;C:\Users\johny\.m2\repository\org\springframework\spring-webmvc\5.2.9.RELEASE\spring-webmvc-5.2.9.RELEASE.jar;C:\Users\johny\.m2\repository\org\springframework\spring-aop\5.2.9.RELEASE\spring-aop-5.2.9.RELEASE.jar;C:\Users\johny\.m2\repository\org\springframework\spring-context\5.2.9.RELEASE\spring-context-5.2.9.RELEASE.jar;C:\Users\johny\.m2\repository\org\springframework\spring-expression\5.2.9.RELEASE\spring-expression-5.2.9.RELEASE.jar;C:\Users\johny\.m2\repository\org\springframework\boot\spring-boot-starter-test\2.3.4.RELEASE\spring-boot-starter-test-2.3.4.RELEASE.jar;C:\Users\johny\.m2\repository\org\springframework\boot\spring-boot-test\2.3.4.RELEASE\spring-boot-test-2.3.4.RELEASE.jar;C:\Users\johny\.m2\repository\org\springframework\boot\spring-boot-test-autoconfigure\2.3.4.RELEASE\spring-boot-test-autoconfigure-2.3.4.RELEASE.jar;C:\Users\johny\.m2\repository\com\jayway\jsonpath\json-path\2.4.0\json-path-2.4.0.jar;C:\Users\johny\.m2\repository\net\minidev\json-smart\2.3\json-smart-2.3.jar;C:\Users\johny\.m2\repository\net\minidev\accessors-smart\1.2\accessors-smart-1.2.jar;C:\Users\johny\.m2\repository\org\ow2\asm\asm\5.0.4\asm-5.0.4.jar;C:\Users\johny\.m2\repository\org\slf4j\slf4j-api\1.7.30\slf4j-api-1.7.30.jar;C:\Users\johny\.m2\repository\jakarta\xml\bind\jakarta.xml.bind-api\2.3.3\jakarta.xml.bind-api-2.3.3.jar;C:\Users\johny\.m2\repository\jakarta\activation\jakarta.activation-api\1.2.2\jakarta.activation-api-1.2.2.jar;C:\Users\johny\.m2\repository\org\assertj\assertj-core\3.16.1\assertj-core-3.16.1.jar;C:\Users\johny\.m2\repository\org\hamcrest\hamcrest\2.2\hamcrest-2.2.jar;C:\Users\johny\.m2\repository\org\junit\jupiter\junit-jupiter\5.6.2\junit-jupiter-5.6.2.jar;C:\Users\johny\.m2\repository\org\junit\jupiter\junit-jupiter-api\5.6.2\junit-jupiter-api-5.6.2.jar;C:\Users\johny\.m2\repository\org\opentest4j\opentest4j\1.2.0\opentest4j-1.2.0.jar;C:\Users\johny\.m2\repository\org\junit\platform\junit-platform-commons\1.6.2\junit-platform-commons-1.6.2.jar;C:\Users\johny\.m2\repository\org\junit\jupiter\junit-jupiter-params\5.6.2\junit-jupiter-params-5.6.2.jar;C:\Users\johny\.m2\repository\org\junit\jupiter\junit-jupiter-engine\5.6.2\junit-jupiter-engine-5.6.2.jar;C:\Users\johny\.m2\repository\org\junit\vintage\junit-vintage-engine\5.6.2\junit-vintage-engine-5.6.2.jar;C:\Users\johny\.m2\repository\org\apiguardian\apiguardian-api\1.1.0\apiguardian-api-1.1.0.jar;C:\Users\johny\.m2\repository\org\junit\platform\junit-platform-engine\1.6.2\junit-platform-engine-1.6.2.jar;C:\Users\johny\.m2\repository\junit\junit\4.13\junit-4.13.jar;C:\Users\johny\.m2\repository\org\mockito\mockito-core\3.3.3\mockito-core-3.3.3.jar;C:\Users\johny\.m2\repository\net\bytebuddy\byte-buddy\1.10.14\byte-buddy-1.10.14.jar;C:\Users\johny\.m2\repository\net\bytebuddy\byte-buddy-agent\1.10.14\byte-buddy-agent-1.10.14.jar;C:\Users\johny\.m2\repository\org\objenesis\objenesis\2.6\objenesis-2.6.jar;C:\Users\johny\.m2\repository\org\mockito\mockito-junit-jupiter\3.3.3\mockito-junit-jupiter-3.3.3.jar;C:\Users\johny\.m2\repository\org\skyscreamer\jsonassert\1.5.0\jsonassert-1.5.0.jar;C:\Users\johny\.m2\repository\com\vaadin\external\google\android-json\0.0.20131108.vaadin1\android-json-0.0.20131108.vaadin1.jar;C:\Users\johny\.m2\repository\org\springframework\spring-core\5.2.9.RELEASE\spring-core-5.2.9.RELEASE.jar;C:\Users\johny\.m2\repository\org\springframework\spring-jcl\5.2.9.RELEASE\spring-jcl-5.2.9.RELEASE.jar;C:\Users\johny\.m2\repository\org\springframework\spring-test\5.2.9.RELEASE\spring-test-5.2.9.RELEASE.jar;C:\Users\johny\.m2\repository\org\xmlunit\xmlunit-core\2.7.0\xmlunit-core-2.7.0.jar;"/>
    <property name="java.vm.vendor" value="Oracle Corporation"/>
    <property name="sun.arch.data.model" value="64"/>
    <property name="user.variant" value=""/>
    <property name="java.vendor.url" value="https://openjdk.java.net/"/>
    <property name="user.timezone" value="America/Sao_Paulo"/>
    <property name="java.vm.specification.version" value="11"/>
    <property name="os.name" value="Windows 10"/>
    <property name="sun.java.launcher" value="SUN_STANDARD"/>
    <property name="user.country" value="BR"/>
    <property name="sun.boot.library.path" value="C:\Program Files\Java\jdk-11.0.12\bin"/>
    <property name="sun.java.command" value="C:\Users\johny\AppData\Local\Temp\surefire10243337351145653084\surefirebooter6454950376641591900.jar C:\Users\johny\AppData\Local\Temp\surefire10243337351145653084 2022-09-17T16-16-03_792-jvmRun1 surefire17650847139778019370tmp surefire_09220988225763776687tmp"/>
    <property name="jdk.debug" value="release"/>
    <property name="surefire.test.class.path" value="C:\desenvolvimento\microservico\hr-payroll\target\test-classes;C:\desenvolvimento\microservico\hr-payroll\target\classes;C:\Users\johny\.m2\repository\org\springframework\boot\spring-boot-starter-web\2.3.4.RELEASE\spring-boot-starter-web-2.3.4.RELEASE.jar;C:\Users\johny\.m2\repository\org\springframework\boot\spring-boot-starter\2.3.4.RELEASE\spring-boot-starter-2.3.4.RELEASE.jar;C:\Users\johny\.m2\repository\org\springframework\boot\spring-boot\2.3.4.RELEASE\spring-boot-2.3.4.RELEASE.jar;C:\Users\johny\.m2\repository\org\springframework\boot\spring-boot-autoconfigure\2.3.4.RELEASE\spring-boot-autoconfigure-2.3.4.RELEASE.jar;C:\Users\johny\.m2\repository\org\springframework\boot\spring-boot-starter-logging\2.3.4.RELEASE\spring-boot-starter-logging-2.3.4.RELEASE.jar;C:\Users\johny\.m2\repository\ch\qos\logback\logback-classic\1.2.3\logback-classic-1.2.3.jar;C:\Users\johny\.m2\repository\ch\qos\logback\logback-core\1.2.3\logback-core-1.2.3.jar;C:\Users\johny\.m2\repository\org\apache\logging\log4j\log4j-to-slf4j\2.13.3\log4j-to-slf4j-2.13.3.jar;C:\Users\johny\.m2\repository\org\apache\logging\log4j\log4j-api\2.13.3\log4j-api-2.13.3.jar;C:\Users\johny\.m2\repository\org\slf4j\jul-to-slf4j\1.7.30\jul-to-slf4j-1.7.30.jar;C:\Users\johny\.m2\repository\jakarta\annotation\jakarta.annotation-api\1.3.5\jakarta.annotation-api-1.3.5.jar;C:\Users\johny\.m2\repository\org\yaml\snakeyaml\1.26\snakeyaml-1.26.jar;C:\Users\johny\.m2\repository\org\springframework\boot\spring-boot-starter-json\2.3.4.RELEASE\spring-boot-starter-json-2.3.4.RELEASE.jar;C:\Users\johny\.m2\repository\com\fasterxml\jackson\core\jackson-databind\2.11.2\jackson-databind-2.11.2.jar;C:\Users\johny\.m2\repository\com\fasterxml\jackson\core\jackson-annotations\2.11.2\jackson-annotations-2.11.2.jar;C:\Users\johny\.m2\repository\com\fasterxml\jackson\core\jackson-core\2.11.2\jackson-core-2.11.2.jar;C:\Users\johny\.m2\repository\com\fasterxml\jackson\datatype\jackson-datatype-jdk8\2.11.2\jackson-datatype-jdk8-2.11.2.jar;C:\Users\johny\.m2\repository\com\fasterxml\jackson\datatype\jackson-datatype-jsr310\2.11.2\jackson-datatype-jsr310-2.11.2.jar;C:\Users\johny\.m2\repository\com\fasterxml\jackson\module\jackson-module-parameter-names\2.11.2\jackson-module-parameter-names-2.11.2.jar;C:\Users\johny\.m2\repository\org\springframework\boot\spring-boot-starter-tomcat\2.3.4.RELEASE\spring-boot-starter-tomcat-2.3.4.RELEASE.jar;C:\Users\johny\.m2\repository\org\apache\tomcat\embed\tomcat-embed-core\9.0.38\tomcat-embed-core-9.0.38.jar;C:\Users\johny\.m2\repository\org\glassfish\jakarta.el\3.0.3\jakarta.el-3.0.3.jar;C:\Users\johny\.m2\repository\org\apache\tomcat\embed\tomcat-embed-websocket\9.0.38\tomcat-embed-websocket-9.0.38.jar;C:\Users\johny\.m2\repository\org\springframework\spring-web\5.2.9.RELEASE\spring-web-5.2.9.RELEASE.jar;C:\Users\johny\.m2\repository\org\springframework\spring-beans\5.2.9.RELEASE\spring-beans-5.2.9.RELEASE.jar;C:\Users\johny\.m2\repository\org\springframework\spring-webmvc\5.2.9.RELEASE\spring-webmvc-5.2.9.RELEASE.jar;C:\Users\johny\.m2\repository\org\springframework\spring-aop\5.2.9.RELEASE\spring-aop-5.2.9.RELEASE.jar;C:\Users\johny\.m2\repository\org\springframework\spring-context\5.2.9.RELEASE\spring-context-5.2.9.RELEASE.jar;C:\Users\johny\.m2\repository\org\springframework\spring-expression\5.2.9.RELEASE\spring-expression-5.2.9.RELEASE.jar;C:\Users\johny\.m2\repository\org\springframework\boot\spring-boot-starter-test\2.3.4.RELEASE\spring-boot-starter-test-2.3.4.RELEASE.jar;C:\Users\johny\.m2\repository\org\springframework\boot\spring-boot-test\2.3.4.RELEASE\spring-boot-test-2.3.4.RELEASE.jar;C:\Users\johny\.m2\repository\org\springframework\boot\spring-boot-test-autoconfigure\2.3.4.RELEASE\spring-boot-test-autoconfigure-2.3.4.RELEASE.jar;C:\Users\johny\.m2\repository\com\jayway\jsonpath\json-path\2.4.0\json-path-2.4.0.jar;C:\Users\johny\.m2\repository\net\minidev\json-smart\2.3\json-smart-2.3.jar;C:\Users\johny\.m2\repository\net\minidev\accessors-smart\1.2\accessors-smart-1.2.jar;C:\Users\johny\.m2\repository\org\ow2\asm\asm\5.0.4\asm-5.0.4.jar;C:\Users\johny\.m2\repository\org\slf4j\slf4j-api\1.7.30\slf4j-api-1.7.30.jar;C:\Users\johny\.m2\repository\jakarta\xml\bind\jakarta.xml.bind-api\2.3.3\jakarta.xml.bind-api-2.3.3.jar;C:\Users\johny\.m2\repository\jakarta\activation\jakarta.activation-api\1.2.2\jakarta.activation-api-1.2.2.jar;C:\Users\johny\.m2\repository\org\assertj\assertj-core\3.16.1\assertj-core-3.16.1.jar;C:\Users\johny\.m2\repository\org\hamcrest\hamcrest\2.2\hamcrest-2.2.jar;C:\Users\johny\.m2\repository\org\junit\jupiter\junit-jupiter\5.6.2\junit-jupiter-5.6.2.jar;C:\Users\johny\.m2\repository\org\junit\jupiter\junit-jupiter-api\5.6.2\junit-jupiter-api-5.6.2.jar;C:\Users\johny\.m2\repository\org\opentest4j\opentest4j\1.2.0\opentest4j-1.2.0.jar;C:\Users\johny\.m2\repository\org\junit\platform\junit-platform-commons\1.6.2\junit-platform-commons-1.6.2.jar;C:\Users\johny\.m2\repository\org\junit\jupiter\junit-jupiter-params\5.6.2\junit-jupiter-params-5.6.2.jar;C:\Users\johny\.m2\repository\org\junit\jupiter\junit-jupiter-engine\5.6.2\junit-jupiter-engine-5.6.2.jar;C:\Users\johny\.m2\repository\org\junit\vintage\junit-vintage-engine\5.6.2\junit-vintage-engine-5.6.2.jar;C:\Users\johny\.m2\repository\org\apiguardian\apiguardian-api\1.1.0\apiguardian-api-1.1.0.jar;C:\Users\johny\.m2\repository\org\junit\platform\junit-platform-engine\1.6.2\junit-platform-engine-1.6.2.jar;C:\Users\johny\.m2\repository\junit\junit\4.13\junit-4.13.jar;C:\Users\johny\.m2\repository\org\mockito\mockito-core\3.3.3\mockito-core-3.3.3.jar;C:\Users\johny\.m2\repository\net\bytebuddy\byte-buddy\1.10.14\byte-buddy-1.10.14.jar;C:\Users\johny\.m2\repository\net\bytebuddy\byte-buddy-agent\1.10.14\byte-buddy-agent-1.10.14.jar;C:\Users\johny\.m2\repository\org\objenesis\objenesis\2.6\objenesis-2.6.jar;C:\Users\johny\.m2\repository\org\mockito\mockito-junit-jupiter\3.3.3\mockito-junit-jupiter-3.3.3.jar;C:\Users\johny\.m2\repository\org\skyscreamer\jsonassert\1.5.0\jsonassert-1.5.0.jar;C:\Users\johny\.m2\repository\com\vaadin\external\google\android-json\0.0.20131108.vaadin1\android-json-0.0.20131108.vaadin1.jar;C:\Users\johny\.m2\repository\org\springframework\spring-core\5.2.9.RELEASE\spring-core-5.2.9.RELEASE.jar;C:\Users\johny\.m2\repository\org\springframework\spring-jcl\5.2.9.RELEASE\spring-jcl-5.2.9.RELEASE.jar;C:\Users\johny\.m2\repository\org\springframework\spring-test\5.2.9.RELEASE\spring-test-5.2.9.RELEASE.jar;C:\Users\johny\.m2\repository\org\xmlunit\xmlunit-core\2.7.0\xmlunit-core-2.7.0.jar;"/>
    <property name="sun.cpu.endian" value="little"/>
    <property name="user.home" value="C:\Users\johny"/>
    <property name="user.language" value="pt"/>
    <property name="java.specification.vendor" value="Oracle Corporation"/>
    <property name="java.version.date" value="2021-07-20"/>
    <property name="java.home" value="C:\Program Files\Java\jdk-11.0.12"/>
    <property name="file.separator" value="\"/>
    <property name="basedir" value="C:\desenvolvimento\microservico\hr-payroll"/>
    <property name="java.vm.compressedOopsMode" value="Zero based"/>
    <property name="line.separator" value="&#10;"/>
    <property name="java.specification.name" value="Java Platform API Specification"/>
    <property name="java.vm.specification.vendor" value="Oracle Corporation"/>
    <property name="java.awt.graphicsenv" value="sun.awt.Win32GraphicsEnvironment"/>
    <property name="surefire.real.class.path" value="C:\Users\johny\AppData\Local\Temp\surefire10243337351145653084\surefirebooter6454950376641591900.jar"/>
    <property name="user.script" value=""/>
    <property name="sun.management.compiler" value="HotSpot 64-Bit Tiered Compilers"/>
    <property name="java.runtime.version" value="11.0.12+8-LTS-237"/>
    <property name="user.name" value="johny"/>
    <property name="path.separator" value=";"/>
    <property name="os.version" value="10.0"/>
    <property name="java.runtime.name" value="Java(TM) SE Runtime Environment"/>
    <property name="file.encoding" value="Cp1252"/>
    <property name="java.vm.name" value="Java HotSpot(TM) 64-Bit Server VM"/>
    <property name="java.vendor.version" value="18.9"/>
    <property name="localRepository" value="C:\Users\johny\.m2\repository"/>
    <property name="java.vendor.url.bug" value="https://bugreport.java.com/bugreport/"/>
    <property name="java.io.tmpdir" value="C:\Users\johny\AppData\Local\Temp\"/>
    <property name="idea.version" value="2022.2.1"/>
    <property name="java.version" value="11.0.12"/>
    <property name="user.dir" value="C:\desenvolvimento\microservico\hr-payroll"/>
    <property name="os.arch" value="amd64"/>
    <property name="java.vm.specification.name" value="Java Virtual Machine Specification"/>
    <property name="java.awt.printerjob" value="sun.awt.windows.WPrinterJob"/>
    <property name="sun.os.patch.level" value=""/>
    <property name="java.library.path" value="C:\Program Files\Java\jdk-11.0.12\bin;C:\WINDOWS\Sun\Java\bin;C:\WINDOWS\system32;C:\WINDOWS;C:\Python27\;C:\Python27\Scripts;C:\Python310\Scripts\;C:\Python310\;C:\Program Files (x86)\Common Files\Oracle\Java\javapath;C:\oraclexe\client_oracle11;C:\Python39\Scripts\;C:\Python39\;C:\Program Files\Common Files\Oracle\Java\javapath;C:\WINDOWS\system32;C:\WINDOWS;C:\WINDOWS\System32\Wbem;C:\WINDOWS\System32\WindowsPowerShell\v1.0\;C:\WINDOWS\System32\OpenSSH\;C:\cygwin64\bin;C:\ProgramData\chocolatey\bin;C:\apache-maven-3.6.3\bin;C:\Program Files\Git\cmd;C:\Program Files\Docker\Docker\resources\bin;C:\Program Files\nodejs\;C:\Program Files (x86)\Yarn\bin\;C:\Program Files\OpenJDK\openjdk-11.0.16_8\bin;%ANDROID_HOME%\emulator;%ANDROID_HOME%\tools;%ANDROID_HOME%\tools\bin;%ANDROID_HOME%\platform-tools;C:\Users\johny\AppData\Local\Microsoft\WindowsApps;C:\Users\johny\AppData\Local\Programs\Microsoft VS Code\bin;C:\Program Files\heroku\bin;C:\Users\johny\AppData\Roaming\npm;C:\Users\johny\AppData\Local\Yarn\bin;C:\Android\Sdk\emulator;C:\Android\Sdk\tools;C:\Android\Sdk\tools\bin;C:\Android\Sdk\platform-tools;;."/>
    <property name="java.vendor" value="Oracle Corporation"/>
    <property name="java.vm.info" value="mixed mode"/>
    <property name="java.vm.version" value="11.0.12+8-LTS-237"/>
    <property name="sun.io.unicode.encoding" value="UnicodeLittle"/>
    <property name="java.class.version" value="55.0"/>
  </properties>
  <testcase name="contextLoads" classname="com.johny.hrpayroll.HrPayrollApplicationTests" time="0.44"/>
</testsuite>